[Monday/April 17/04/2023 18:59:30] /home/work/downloads/torrents/Durarara!!x2 Shou [BD] [720p]/[Winter] Durarara!!x2 Shou 05 [BDrip 1280x720 x264 Vorbis].mkv | length=1441.122 | time=575.241
[Monday/April 17/04/2023 23:21:02] /home/work/downloads/torrents/Durarara!!x2 Shou [BD] [720p]/[Winter] Durarara!!x2 Shou 05 [BDrip 1280x720 x264 Vorbis].mkv | length=1441.122 | time=1441.122
[Monday/April 17/04/2023 23:33:48] /home/work/downloads/torrents/Durarara!!x2 Shou [BD] [720p]/[Winter] Durarara!!x2 Shou 06 [BDrip 1280x720 x264 Vorbis].mkv | length=1441.125 | time=1441.125
[Monday/April 17/04/2023 23:44:23] /home/work/downloads/torrents/Durarara!!x2 Shou [BD] [720p]/[Winter] Durarara!!x2 Shou 07 [BDrip 1280x720 x264 Vorbis].mkv | length=1441.112 | time=1441.112
[Monday/April 17/04/2023 23:56:32] /home/work/downloads/torrents/Durarara!!x2 Shou [BD] [720p]/[Winter] Durarara!!x2 Shou 08 [BDrip 1280x720 x264 Vorbis].mkv | length=1441.13 | time=1441.13
[Tuesday/April 18/04/2023 00:05:24] /home/work/downloads/torrents/Durarara!!x2 Shou [BD] [720p]/[Winter] Durarara!!x2 Shou 09 [BDrip 1280x720 x264 Vorbis].mkv | length=1441.12 | time=1441.12
[Tuesday/April 18/04/2023 00:13:26] /home/work/downloads/torrents/Durarara!!x2 Shou [BD] [720p]/[Winter] Durarara!!x2 Shou 10 [BDrip 1280x720 x264 Vorbis].mkv | length=1441.112 | time=1441.112
[Tuesday/April 18/04/2023 00:17:47] /home/work/downloads/torrents/Durarara!!x2 Shou [BD] [720p]/[Winter] Durarara!!x2 Shou 11 [BDrip 1280x720 x264 Vorbis].mkv | length=1441.112 | time=1441.112
[Tuesday/April 18/04/2023 00:26:23] /home/work/downloads/torrents/Durarara!!x2 Shou [BD] [720p]/[Winter] Durarara!!x2 Shou 12 [BDrip 1280x720 x264 Vorbis].mkv | length=1434.101 | time=1433.307
[Tuesday/April 18/04/2023 00:26:31] /home/work/downloads/torrents/Durarara!!x2 Shou [BD] [720p]/[Winter] Durarara!!x2 Shou 12 [BDrip 1280x720 x264 Vorbis].mkv | length=1434.101 | time=1330.162
[Tuesday/April 18/04/2023 00:45:16] /home/work/downloads/torrents/Durarara!!x2 Ten [BD] [720p]/[W] Durarara!!x2 Ten 01 [BDrip 1280x720 x264 Vorbis].mkv | length=1441.13 | time=1339.255
[Tuesday/April 18/04/2023 00:54:50] /home/work/downloads/torrents/Durarara!!x2 Ten [BD] [720p]/[W] Durarara!!x2 Ten 02 [BDrip 1280x720 x264 Vorbis].mkv | length=1441.112 | time=1441.112
[Tuesday/April 18/04/2023 01:05:27] /home/work/downloads/torrents/Durarara!!x2 Ten [BD] [720p]/[W] Durarara!!x2 Ten 03 [BDrip 1280x720 x264 Vorbis].mkv | length=1441.112 | time=1441.112
[Tuesday/April 18/04/2023 01:16:27] /home/work/downloads/torrents/Durarara!!x2 Ten [BD] [720p]/[W] Durarara!!x2 Ten 04 [BDrip 1280x720 x264 Vorbis].mkv | length=1441.128 | time=1441.128
[Tuesday/April 18/04/2023 01:16:30] /home/work/downloads/torrents/Durarara!!x2 Ten [BD] [720p]/[W] Durarara!!x2 Ten 05 [BDrip 1280x720 x264 Vorbis].mkv | length=1441.12 | time=99.725
[Tuesday/April 18/04/2023 12:24:29] /home/work/downloads/torrents/Durarara!!x2 Ten [BD] [720p]/[W] Durarara!!x2 Ten 05 [BDrip 1280x720 x264 Vorbis].mkv | length=1441.12 | time=1441.1341800075
[Tuesday/April 18/04/2023 12:57:25] /home/work/downloads/torrents/Durarara!!x2 Ten [BD] [720p]/[W] Durarara!!x2 Ten 06 [BDrip 1280x720 x264 Vorbis].mkv | length=1441.117 | time=1441.1220200039
[Tuesday/April 18/04/2023 13:05:08] /home/work/downloads/torrents/Durarara!!x2 Ten [BD] [720p]/[W] Durarara!!x2 Ten 07 [BDrip 1280x720 x264 Vorbis].mkv | length=1441.112 | time=1441.112
[Tuesday/April 18/04/2023 13:21:22] /home/work/downloads/torrents/Durarara!!x2 Ten [BD] [720p]/[W] Durarara!!x2 Ten 08 [BDrip 1280x720 x264 Vorbis].mkv | length=1441.13 | time=1341.59
[Tuesday/April 18/04/2023 13:36:53] /home/work/downloads/torrents/Durarara!!x2 Ten [BD] [720p]/[W] Durarara!!x2 Ten 09 [BDrip 1280x720 x264 Vorbis].mkv | length=1441.117 | time=1338.212
[Tuesday/April 18/04/2023 14:06:13] /home/work/downloads/torrents/Durarara!!x2 Ten [BD] [720p]/[W] Durarara!!x2 Ten 10 [BDrip 1280x720 x264 Vorbis].mkv | length=1448.133 | time=520.145
[Tuesday/April 18/04/2023 20:59:23] /home/work/downloads/torrents/Durarara!!x2 Ten [BD] [720p]/[W] Durarara!!x2 Ten 10 [BDrip 1280x720 x264 Vorbis].mkv | length=1448.133 | time=1337.044
[Tuesday/April 18/04/2023 21:13:39] /home/work/downloads/torrents/Durarara!!x2 Ten [BD] [720p]/[W] Durarara!!x2 Ten 11 [BDrip 1280x720 x264 Vorbis].mkv | length=1441.117 | time=1339.296
[Tuesday/April 18/04/2023 21:30:17] /home/work/downloads/torrents/Durarara!!x2 Ten [BD] [720p]/[W] Durarara!!x2 Ten 12 [BDrip 1280x720 x264 Vorbis].mkv | length=1426.112 | time=1426.112
[Tuesday/April 18/04/2023 22:03:32] /home/work/downloads/torrents/Durarara!!x2 Ten [BD] [720p]/[W] Durarara!!x2 Ten SP [BDrip 1280x720 x264 Vorbis].mkv | length=1439.658 | time=1343.425
[Tuesday/April 18/04/2023 22:21:49] /home/work/downloads/torrents/[Beatrice-Raws] Durarara!!x2 Ketsu [BDRip 1920x1080 x264 FLAC]/[Beatrice-Raws] Durarara!!x2 Ketsu 01 [BDRip 1920x1080 x264 FLAC].mkv | length=1441.11 | time=1441.11
[Tuesday/April 18/04/2023 22:42:13] /home/work/downloads/torrents/[Beatrice-Raws] Durarara!!x2 Ketsu [BDRip 1920x1080 x264 FLAC]/[Beatrice-Raws] Durarara!!x2 Ketsu 02 [BDRip 1920x1080 x264 FLAC].mkv | length=1441.11 | time=1369.285
[Tuesday/April 18/04/2023 22:54:26] /home/work/downloads/torrents/[Beatrice-Raws] Durarara!!x2 Ketsu [BDRip 1920x1080 x264 FLAC]/[Beatrice-Raws] Durarara!!x2 Ketsu 03 [BDRip 1920x1080 x264 FLAC].mkv | length=1441.11 | time=1338.045
[Tuesday/April 18/04/2023 23:12:08] /home/work/downloads/torrents/[Beatrice-Raws] Durarara!!x2 Ketsu [BDRip 1920x1080 x264 FLAC]/[Beatrice-Raws] Durarara!!x2 Ketsu 04 [BDRip 1920x1080 x264 FLAC].mkv | length=1441.11 | time=1336.46
[Tuesday/April 18/04/2023 23:20:56] /home/work/downloads/torrents/[Beatrice-Raws] Durarara!!x2 Ketsu [BDRip 1920x1080 x264 FLAC]/[Beatrice-Raws] Durarara!!x2 Ketsu 05 [BDRip 1920x1080 x264 FLAC].mkv | length=1441.11 | time=1338.295
[Tuesday/April 18/04/2023 23:35:11] /home/work/downloads/torrents/[Beatrice-Raws] Durarara!!x2 Ketsu [BDRip 1920x1080 x264 FLAC]/[Beatrice-Raws] Durarara!!x2 Ketsu 06 [BDRip 1920x1080 x264 FLAC].mkv | length=1441.11 | time=1441.11
[Tuesday/April 18/04/2023 23:48:29] /home/work/downloads/torrents/[Beatrice-Raws] Durarara!!x2 Ketsu [BDRip 1920x1080 x264 FLAC]/[Beatrice-Raws] Durarara!!x2 Ketsu 07 [BDRip 1920x1080 x264 FLAC].mkv | length=1441.11 | time=1441.11
[Wednesday/April 19/04/2023 00:00:06] /home/work/downloads/torrents/[Beatrice-Raws] Durarara!!x2 Ketsu [BDRip 1920x1080 x264 FLAC]/[Beatrice-Raws] Durarara!!x2 Ketsu 08 [BDRip 1920x1080 x264 FLAC].mkv | length=1441.11 | time=1348.097
[Wednesday/April 19/04/2023 00:08:56] /home/work/downloads/torrents/[Beatrice-Raws] Durarara!!x2 Ketsu [BDRip 1920x1080 x264 FLAC]/[Beatrice-Raws] Durarara!!x2 Ketsu 09 [BDRip 1920x1080 x264 FLAC].mkv | length=1441.11 | time=1347.805
[Wednesday/April 19/04/2023 00:21:05] /home/work/downloads/torrents/[Beatrice-Raws] Durarara!!x2 Ketsu [BDRip 1920x1080 x264 FLAC]/[Beatrice-Raws] Durarara!!x2 Ketsu 10 [BDRip 1920x1080 x264 FLAC].mkv | length=1441.11 | time=1348.264
[Wednesday/April 19/04/2023 00:31:42] /home/work/downloads/torrents/[Beatrice-Raws] Durarara!!x2 Ketsu [BDRip 1920x1080 x264 FLAC]/[Beatrice-Raws] Durarara!!x2 Ketsu 11 [BDRip 1920x1080 x264 FLAC].mkv | length=1441.11 | time=1441.1140600022
[Wednesday/April 19/04/2023 00:40:21] /home/work/downloads/torrents/[Beatrice-Raws] Durarara!!x2 Ketsu [BDRip 1920x1080 x264 FLAC]/[Beatrice-Raws] Durarara!!x2 Ketsu 12 [BDRip 1920x1080 x264 FLAC].mkv | length=1426.095 | time=1426.095
[Wednesday/April 19/04/2023 21:17:53] /home/work/downloads/torrents/The Poughkeepsie Tapes (Плёнки из Пукипси) 2007.mkv | length=4860.021 | time=4791.996
[Saturday/April 22/04/2023 12:07:42] /home/work/downloads/torrents/Богатыри/Алеша Попович и Тугарин Змей (2004).mkv | length=4731.178 | time=4714.877
[Saturday/April 22/04/2023 12:08:17] /home/work/downloads/torrents/Богатыри/Добрыня Никитич и Змей Горыныч (2006).mkv | length=4088.293 | time=582.54
[Saturday/April 22/04/2023 13:46:34] /home/work/downloads/yt-dlp/hLqe9v7GDfI.mp3 | length=8596.032 | time=0
[Saturday/April 22/04/2023 13:47:28] hLqe9v7GDfI.mp3 | length=8596.032 | time=5.78133319161
[Saturday/April 22/04/2023 13:50:14] hLqe9v7GDfI.mp3 | length=8596.032 | time=197.11541919161
[Saturday/April 22/04/2023 13:50:17] hLqe9v7GDfI.mp3 | length=8596.032 | time=0
[Sunday/April 23/04/2023 19:00:26] Classical_Music_Is_NOT_Boring.mp3 | length=8596.032 | time=1.3726775249433
[Sunday/April 23/04/2023 21:37:41] Classical_Music_Is_NOT_Boring.mp3 | length=8596.032 | time=8596.0039998927
[Tuesday/April 25/04/2023 16:15:37] /home/work/downloads/torrents/[Erai-raws] Jigokuraku - 04 [1080p][Multiple Subtitle][27757279].mkv | length=1465.063 | time=1415.499
[Tuesday/April 25/04/2023 19:12:28] Classical_Music_Is_NOT_Boring.mp3 | length=8596.032 | time=6161.7832915385
[Friday/April 28/04/2023 16:55:23] /home/work/projects/tts/sound_sample_1.wav | length=5.01551 | time=5.0155102040816
[Friday/April 28/04/2023 16:55:34] /home/work/projects/tts/sound_sample_2.wav | length=9.99619 | time=9.9961904761904
[Sunday/April 30/04/2023 17:23:03] /home/work/downloads/torrents/[Erai-raws] Jigokuraku - 05 [1080p][Multiple Subtitle][8F7DC942].mkv | length=1465.06 | time=1453.62
[Sunday/April 30/04/2023 22:13:43] Синий бархат (1986. Blue Velvet).mkv | length=7232.715 | time=9.301
[Tuesday/May 02/05/2023 21:51:38] /home/work/downloads/torrents/Queen.of.the.Damned.2002.720p.HDTVRip.x264.AC3.Eng.2xRus.by.CClassicHD.mkv | length=6137.02 | time=6086.946
[Tuesday/May 02/05/2023 22:05:52] /home/work/downloads/torrents/Синий бархат (1986. Blue Velvet).mkv | length=7232.715 | time=734.9
[Wednesday/May 03/05/2023 16:20:31] AdErKiDrnks4.mp4 | length=5.3638095238095 | time=5.1668333333333
[Wednesday/May 03/05/2023 16:20:32] AdErKiDrnks5.mp4 | length=5.3638095238095 | time=5.0667333333333
[Wednesday/May 03/05/2023 16:20:32] AdErKiDrnks6.mp4 | length=4.0402721088435 | time=4.0402721088435
[Wednesday/May 03/05/2023 16:20:32] AdErKiDrnks7.mp4 | length=4.0402721088435 | time=4.0402721088435
[Wednesday/May 03/05/2023 16:20:32] AdErKiDrnks8.mp4 | length=5.3638095238095 | time=5.2002
[Wednesday/May 03/05/2023 16:20:32] AdErKiDrnks9.mp4 | length=5.3638095238095 | time=5.0667333333333
[Wednesday/May 03/05/2023 16:20:32] AdKthFk10.mp4 | length=4.0402721088435 | time=4.0402721088435
[Wednesday/May 03/05/2023 16:20:32] AdKthFk11.mp4 | length=4.0402721088435 | time=4.0402721088435
[Wednesday/May 03/05/2023 16:20:33] AdKthFk12.mp4 | length=4.0402721088435 | time=4.0402721088435
[Wednesday/May 03/05/2023 16:20:33] AdKthFk13.mp4 | length=4.0402721088435 | time=4.0402721088435
[Wednesday/May 03/05/2023 16:20:34] AdKthFk14.mp4 | length=4.0402721088435 | time=4.0402721088435
[Wednesday/May 03/05/2023 16:20:34] AdKthFk15.mp4 | length=6.0836281179138 | time=6.1018142529599
[Wednesday/May 03/05/2023 16:20:35] AdKthFk16.mp4 | length=5.3638095238095 | time=5.3638095238095
[Wednesday/May 03/05/2023 16:20:35] AdKthFk17.mp4 | length=5.3638095238095 | time=5.3638095238095
[Wednesday/May 03/05/2023 16:20:35] AdKthFk18.mp4 | length=5.3638095238095 | time=5.3638095238095
[Wednesday/May 03/05/2023 16:20:35] AdKthFk19.mp4 | length=5.3638095238095 | time=5.3638095238095
[Wednesday/May 03/05/2023 16:20:35] AdKthFk1.mp4 | length=4.0402721088435 | time=4.0402721088435
[Wednesday/May 03/05/2023 16:20:35] AdKthFk20.mp4 | length=10.07746031746 | time=10.07746031746
[Wednesday/May 03/05/2023 16:20:35] AdKthFk2.mp4 | length=4.0402721088435 | time=4.0402721088435
[Wednesday/May 03/05/2023 16:20:35] AdKthFk3.mp4 | length=4.0402721088435 | time=4.0402721088435
[Wednesday/May 03/05/2023 16:20:36] AdKthFk4.mp4 | length=4.0402721088435 | time=4.0402721088435
[Wednesday/May 03/05/2023 16:20:36] AdKthFk5.mp4 | length=5.3638095238095 | time=5.2002
[Wednesday/May 03/05/2023 16:20:37] AdKthFk6.mp4 | length=4.0402721088435 | time=4.0402721088435
[Wednesday/May 03/05/2023 16:20:37] AdKthFk7.mp4 | length=5.3638095238095 | time=5.3638095238095
[Wednesday/May 03/05/2023 16:20:37] AdKthFk8.mp4 | length=5.3638095238095 | time=5.3638095238095
[Wednesday/May 03/05/2023 16:20:37] AdKthFk9.mp4 | length=3.0650340136054 | time=3.0650340136054
[Wednesday/May 03/05/2023 16:20:37] AdMcArPf10.mp4 | length=5.3638095238095 | time=5.0667333333333
[Wednesday/May 03/05/2023 16:20:37] AdMcArPf11.mp4 | length=5.3638095238095 | time=5.3638095238095
[Wednesday/May 03/05/2023 16:20:38] AdMcArPf12.mp4 | length=4.0402721088435 | time=4.0402721088435
[Wednesday/May 03/05/2023 16:20:38] AdMcArPf13.mp4 | length=4.0402721088435 | time=4.0402721088435
[Wednesday/May 03/05/2023 16:20:38] AdMcArPf14.mp4 | length=4.0402721088435 | time=4.0402721088435
[Wednesday/May 03/05/2023 16:20:38] AdMcArPf15.mp4 | length=4.0402721088435 | time=4.0402721088435
[Wednesday/May 03/05/2023 16:20:39] AdMcArPf16.mp4 | length=4.0402721088435 | time=4.0402721088435
[Wednesday/May 03/05/2023 16:20:39] AdMcArPf17.mp4 | length=4.0402721088435 | time=4.0402721088435
[Wednesday/May 03/05/2023 16:20:40] AdMcArPf18.mp4 | length=5.3638095238095 | time=5.3638095238095
[Wednesday/May 03/05/2023 16:20:40] AdMcArPf19.mp4 | length=5.3638095238095 | time=5.0667333333333
[Wednesday/May 03/05/2023 16:20:40] AdMcArPf1.mp4 | length=4.0402721088435 | time=4.0402721088435
[Wednesday/May 03/05/2023 16:20:40] AdMcArPf20.mp4 | length=5.3638095238095 | time=5.0667333333333
[Wednesday/May 03/05/2023 16:20:40] AdMcArPf21.mp4 | length=5.3638095238095 | time=5.0667333333333
[Wednesday/May 03/05/2023 16:20:40] AdMcArPf22.mp4 | length=5.3638095238095 | time=5.3638095238095
[Wednesday/May 03/05/2023 16:20:40] AdMcArPf23.mp4 | length=10.07746031746 | time=10.07746031746
[Wednesday/May 03/05/2023 16:20:40] AdMcArPf2.mp4 | length=4.0402721088435 | time=4.0402721088435
[Wednesday/May 03/05/2023 16:20:40] AdMcArPf3.mp4 | length=4.0402721088435 | time=4.0402721088435
[Wednesday/May 03/05/2023 16:20:40] AdMcArPf4.mp4 | length=4.0402721088435 | time=4.0402721088435
[Wednesday/May 03/05/2023 16:20:40] AdMcArPf5.mp4 | length=4.0402721088435 | time=4.0402721088435
[Wednesday/May 03/05/2023 16:20:40] AdMcArPf6.mp4 | length=4.0402721088435 | time=4.0402721088435
[Wednesday/May 03/05/2023 16:20:41] AdMcArPf7.mp4 | length=4.0402721088435 | time=4.0402721088435
[Wednesday/May 03/05/2023 16:20:41] AdMcArPf8.mp4 | length=4.0402721088435 | time=4.0402721088435
[Wednesday/May 03/05/2023 16:20:41] AdMcArPf9.mp4 | length=6.0836281179138 | time=6.0836281179138
[Wednesday/May 03/05/2023 16:20:41] AdMeMcMeet10.mp4 | length=8.0805442176871 | time=8.0805442176871
[Wednesday/May 03/05/2023 16:20:41] AdMeMcMeet11.mp4 | length=4.0402721088435 | time=4.0402721088435
[Wednesday/May 03/05/2023 16:20:41] AdMeMcMeet12.mp4 | length=4.0402721088435 | time=4.0402721088435
[Wednesday/May 03/05/2023 16:20:41] AdMeMcMeet13.mp4 | length=4.0402721088435 | time=4.0402721088435
[Wednesday/May 03/05/2023 16:20:41] AdMeMcMeet14.mp4 | length=4.0402721088435 | time=4.0402721088435
[Wednesday/May 03/05/2023 16:20:41] AdMeMcMeet15.mp4 | length=4.0402721088435 | time=4.0402721088435
[Wednesday/May 03/05/2023 16:20:41] AdMeMcMeet16.mp4 | length=4.0402721088435 | time=4.0402721088435
[Wednesday/May 03/05/2023 16:20:41] AdMeMcMeet17.mp4 | length=8.0805442176871 | time=8.0805442176871
[Wednesday/May 03/05/2023 16:20:41] AdMeMcMeet18.mp4 | length=4.0402721088435 | time=4.0402721088435
[Wednesday/May 03/05/2023 16:20:42] AdMeMcMeet1.mp4 | length=4.0402721088435 | time=4.0402721088435
[Wednesday/May 03/05/2023 16:20:42] AdMeMcMeet2.mp4 | length=4.0402721088435 | time=4.0402721088435
[Wednesday/May 03/05/2023 16:20:43] AdMeMcMeet3.mp4 | length=4.0402721088435 | time=4.0402721088435
[Wednesday/May 03/05/2023 16:20:43] AdMeMcMeet4.mp4 | length=4.0402721088435 | time=4.0402721088435
[Wednesday/May 03/05/2023 16:20:43] AdMeMcMeet5.mp4 | length=4.0402721088435 | time=4.0402721088435
[Wednesday/May 03/05/2023 16:20:44] AdMeMcMeet6.mp4 | length=4.0402721088435 | time=4.0402721088435
[Wednesday/May 03/05/2023 16:20:44] AdMeMcMeet7.mp4 | length=4.0402721088435 | time=4.0402721088435
[Wednesday/May 03/05/2023 16:20:45] AdMeMcMeet8.mp4 | length=5.3638095238095 | time=5.3638095238095
[Wednesday/May 03/05/2023 16:20:46] AdMeMcMeet9.mp4 | length=5.3638095238095 | time=5.3638095238095
[Wednesday/May 03/05/2023 16:20:46] AdNeHT10.mp4 | length=5.3638095238095 | time=5.0667333333333
[Wednesday/May 03/05/2023 16:20:47] AdNeHT11.mp4 | length=5.3638095238095 | time=5.3638095238095
[Wednesday/May 03/05/2023 16:20:47] AdNeHT12.mp4 | length=8.03410430839 | time=8.03410430839
[Wednesday/May 03/05/2023 16:20:47] AdNeHT13.mp4 | length=4.0402721088435 | time=4.0402721088435
[Wednesday/May 03/05/2023 16:20:47] AdNeHT14.mp4 | length=4.0402721088435 | time=4.0402721088435
[Wednesday/May 03/05/2023 16:20:48] AdNeHT15.mp4 | length=4.0402721088435 | time=4.0402721088435
[Wednesday/May 03/05/2023 16:20:48] AdNeHT16.mp4 | length=4.0402721088435 | time=4.0402721088435
[Wednesday/May 03/05/2023 16:20:48] AdNeHT17.mp4 | length=4.0402721088435 | time=4.0402721088435
[Wednesday/May 03/05/2023 16:20:48] AdNeHT18.mp4 | length=5.3638095238095 | time=5.3638095238095
[Wednesday/May 03/05/2023 16:20:48] AdNeHT19.mp4 | length=5.3638095238095 | time=5.3638095238095
[Wednesday/May 03/05/2023 16:20:48] AdNeHT1.mp4 | length=4.0402721088435 | time=4.0402721088435
[Wednesday/May 03/05/2023 16:20:48] AdNeHT20.mp4 | length=5.3638095238095 | time=5.2669333333333
[Wednesday/May 03/05/2023 16:20:48] AdNeHT21.mp4 | length=5.3638095238095 | time=5.3638095238095
[Wednesday/May 03/05/2023 16:20:49] AdNeHT22.mp4 | length=4.0402721088435 | time=4.0402721088435
[Wednesday/May 03/05/2023 16:20:49] AdNeHT23.mp4 | length=4.0402721088435 | time=4.0402721088435
[Wednesday/May 03/05/2023 16:20:49] AdNeHT24.mp4 | length=13.978412698413 | time=13.978412698413
[Wednesday/May 03/05/2023 16:20:49] AdNeHT25.mp4 | length=4.0402721088435 | time=4.0402721088435
[Wednesday/May 03/05/2023 16:20:49] AdNeHT26.mp4 | length=4.0402721088435 | time=4.0402721088435
[Wednesday/May 03/05/2023 16:20:49] AdNeHT2.mp4 | length=4.0402721088435 | time=4.0402721088435
[Wednesday/May 03/05/2023 16:20:49] AdNeHT3.mp4 | length=4.0402721088435 | time=4.0402721088435
[Wednesday/May 03/05/2023 16:20:49] AdNeHT4.mp4 | length=4.0402721088435 | time=4.0402721088435
[Wednesday/May 03/05/2023 16:20:49] AdNeHT5.mp4 | length=5.0619501133787 | time=5.0619501133787
[Wednesday/May 03/05/2023 16:20:50] AdNeHT6.mp4 | length=5.3638095238095 | time=5.0667333333333
[Wednesday/May 03/05/2023 16:20:50] AdNeHT7.mp4 | length=5.3638095238095 | time=5.3638095238095
[Wednesday/May 03/05/2023 16:20:50] AdNeHT8.mp4 | length=5.3638095238095 | time=5.0667333333333
[Wednesday/May 03/05/2023 16:20:50] AdNeHT9.mp4 | length=5.3638095238095 | time=5.0667333333333
[Wednesday/May 03/05/2023 16:20:50] AmuletH.mp4 | length=4.0402721088435 | time=4.0402721088435
[Wednesday/May 03/05/2023 16:20:50] AnDnr10.mp4 | length=4.0402721088435 | time=4.0402721088435
[Wednesday/May 03/05/2023 16:20:50] AnDnr1.mp4 | length=8.03410430839 | time=8.03410430839
[Wednesday/May 03/05/2023 16:20:51] AnDnr2.mp4 | length=4.0402721088435 | time=4.0402721088435
[Wednesday/May 03/05/2023 16:20:51] AnDnr3.mp4 | length=4.0402721088435 | time=4.0402721088435
[Wednesday/May 03/05/2023 16:20:51] AnDnr4.mp4 | length=6.0836281179138 | time=6.0836281179138
[Wednesday/May 03/05/2023 16:20:51] AnDnr5.mp4 | length=4.0402721088435 | time=0
[Wednesday/May 03/05/2023 16:21:12] /home/work/downloads/web/TheGenesisOrder-73051/www/movies/Toma-RightHead.mp4 | length=4.0402721088435 | time=1.7350666666667
[Wednesday/May 03/05/2023 16:21:17] /home/work/downloads/web/TheGenesisOrder-73051/www/movies/PS-DebProne2.mp4 | length=3.3668934240363 | time=0.93426666666667
[Wednesday/May 03/05/2023 16:21:23] /home/work/downloads/web/TheGenesisOrder-73051/www/movies/NeMeHw10.mp4 | length=4.0402721088435 | time=2.2689333333333
[Wednesday/May 03/05/2023 16:22:08] movies/AdChng1.mp4 | length=4.0402721088435 | time=4.0402721088435
[Wednesday/May 03/05/2023 16:22:08] movies/AdChng2.mp4 | length=4.0402721088435 | time=4.0402721088435
[Wednesday/May 03/05/2023 16:22:08] movies/AdChng3.mp4 | length=4.0402721088435 | time=4.0402721088435
[Wednesday/May 03/05/2023 16:22:08] movies/AdChng4.mp4 | length=4.0402721088435 | time=4.0402721088435
[Wednesday/May 03/05/2023 16:22:08] movies/AdChng5.mp4 | length=4.0402721088435 | time=4.0402721088435
[Wednesday/May 03/05/2023 16:22:08] movies/AdChng6.mp4 | length=4.0402721088435 | time=0
[Wednesday/May 03/05/2023 16:24:07] AdChng1.mp4 | length=4.0402721088435 | time=4.0477697375707
[Wednesday/May 03/05/2023 16:24:07] AdChng2.mp4 | length=4.0402721088435 | time=4.0402721088435
[Wednesday/May 03/05/2023 16:24:07] AdChng3.mp4 | length=4.0402721088435 | time=4.0402721088435
[Wednesday/May 03/05/2023 16:24:07] AdChng4.mp4 | length=4.0402721088435 | time=4.0402721088435
[Wednesday/May 03/05/2023 16:24:07] AdChng5.mp4 | length=4.0402721088435 | time=4.0402721088435
[Wednesday/May 03/05/2023 16:24:07] AdChng6.mp4 | length=4.0402721088435 | time=4.0402721088435
[Wednesday/May 03/05/2023 16:24:07] AdChng7.mp4 | length=4.0402721088435 | time=4.0402721088435
[Wednesday/May 03/05/2023 16:24:07] AdElMsn10.mp4 | length=5.3638095238095 | time=5.3638095238095
[Wednesday/May 03/05/2023 16:24:07] AdElMsn11.mp4 | length=8.0805442176871 | time=8.0805442176871
[Wednesday/May 03/05/2023 16:24:07] AdElMsn12.mp4 | length=5.3638095238095 | time=5.3638095238095
[Wednesday/May 03/05/2023 16:24:08] AdElMsn13.mp4 | length=5.3638095238095 | time=5.3638095238095
[Wednesday/May 03/05/2023 16:24:08] AdElMsn14.mp4 | length=5.3638095238095 | time=5.3638095238095
[Wednesday/May 03/05/2023 16:24:08] AdElMsn15.mp4 | length=5.3638095238095 | time=5.3638095238095
[Wednesday/May 03/05/2023 16:24:08] AdElMsn16.mp4 | length=10.07746031746 | time=10.07746031746
[Wednesday/May 03/05/2023 16:24:08] AdElMsn1.mp4 | length=4.0402721088435 | time=4.0402721088435
[Wednesday/May 03/05/2023 16:24:08] AdElMsn2.mp4 | length=4.0402721088435 | time=4.0402721088435
[Wednesday/May 03/05/2023 16:24:08] AdElMsn3.mp4 | length=5.3638095238095 | time=5.3638095238095
[Wednesday/May 03/05/2023 16:24:08] AdElMsn4.mp4 | length=5.3638095238095 | time=5.3638095238095
[Wednesday/May 03/05/2023 16:24:08] AdElMsn5.mp4 | length=5.3638095238095 | time=5.3638095238095
[Wednesday/May 03/05/2023 16:24:08] AdElMsn6.mp4 | length=5.3638095238095 | time=5.3638095238095
[Wednesday/May 03/05/2023 16:24:08] AdElMsn7.mp4 | length=5.3638095238095 | time=5.3638095238095
[Wednesday/May 03/05/2023 16:24:08] AdElMsn8.mp4 | length=5.3638095238095 | time=5.3638095238095
[Wednesday/May 03/05/2023 16:24:08] AdElMsn9.mp4 | length=5.3638095238095 | time=5.3638095238095
[Wednesday/May 03/05/2023 16:24:08] AdErKiDrnks10.mp4 | length=5.3638095238095 | time=5.3638095238095
[Wednesday/May 03/05/2023 16:24:08] AdErKiDrnks11.mp4 | length=5.3638095238095 | time=5.3638095238095
[Wednesday/May 03/05/2023 16:24:08] AdErKiDrnks12.mp4 | length=5.3638095238095 | time=5.3638095238095
[Wednesday/May 03/05/2023 16:24:08] AdErKiDrnks13.mp4 | length=5.3638095238095 | time=5.3638095238095
[Wednesday/May 03/05/2023 16:24:08] AdErKiDrnks14.mp4 | length=8.0805442176871 | time=8.0805442176871
[Wednesday/May 03/05/2023 16:24:09] AdErKiDrnks15.mp4 | length=4.0402721088435 | time=4.0402721088435
[Wednesday/May 03/05/2023 16:24:09] AdErKiDrnks16.mp4 | length=4.0402721088435 | time=4.0402721088435
[Wednesday/May 03/05/2023 16:24:09] AdErKiDrnks17.mp4 | length=4.0402721088435 | time=4.0402721088435
[Wednesday/May 03/05/2023 16:24:09] AdErKiDrnks18.mp4 | length=4.0402721088435 | time=4.0402721088435
[Wednesday/May 03/05/2023 16:24:09] AdErKiDrnks19.mp4 | length=10.07746031746 | time=10.07746031746
[Wednesday/May 03/05/2023 16:24:09] AdErKiDrnks1.mp4 | length=4.0402721088435 | time=4.0402721088435
[Wednesday/May 03/05/2023 16:24:09] AdErKiDrnks20.mp4 | length=4.0402721088435 | time=4.0402721088435
[Wednesday/May 03/05/2023 16:24:09] AdErKiDrnks2.mp4 | length=4.0402721088435 | time=4.0402721088435
[Wednesday/May 03/05/2023 16:24:09] AdErKiDrnks3.mp4 | length=4.0402721088435 | time=4.0402721088435
[Wednesday/May 03/05/2023 16:24:09] AdErKiDrnks4.mp4 | length=5.3638095238095 | time=0
[Wednesday/May 03/05/2023 16:24:35] BC-Ad-AS1.mp4 | length=4.0402721088435 | time=4.0402721088435
[Wednesday/May 03/05/2023 16:24:35] BC-Ad-AS1O2.mp4 | length=4.0402721088435 | time=4.0402721088435
[Wednesday/May 03/05/2023 16:24:37] BC-Ad-AS2.mp4 | length=8.0805442176871 | time=8.0805442176871
[Wednesday/May 03/05/2023 16:24:38] BC-Ad-AS2O2.mp4 | length=8.0805442176871 | time=8.0805442176871
[Wednesday/May 03/05/2023 16:24:38] BC-Ad-AS3.mp4 | length=5.3638095238095 | time=5.3638095238095
[Wednesday/May 03/05/2023 16:24:38] BC-Ad-AS3O2.mp4 | length=5.3638095238095 | time=5.3638095238095
[Wednesday/May 03/05/2023 16:24:38] BC-Ad-AS4.mp4 | length=5.3638095238095 | time=5.3638095238095
[Wednesday/May 03/05/2023 16:24:38] BC-Ad-AS4O2.mp4 | length=5.3638095238095 | time=5.3638095238095
[Wednesday/May 03/05/2023 16:24:39] BC-Ad-AS5.mp4 | length=5.3638095238095 | time=5.3638095238095
[Wednesday/May 03/05/2023 16:24:39] BC-Ad-AS5O2.mp4 | length=5.3638095238095 | time=5.3638095238095
[Wednesday/May 03/05/2023 16:24:40] BC-Ad-AS6.mp4 | length=5.3638095238095 | time=5.3638095238095
[Wednesday/May 03/05/2023 16:24:40] BC-Ad-AS6O2.mp4 | length=5.3638095238095 | time=5.3638095238095
[Wednesday/May 03/05/2023 16:24:40] BC-Ad-AS7.mp4 | length=5.3638095238095 | time=5.3638095238095
[Wednesday/May 03/05/2023 16:24:41] BC-Ad-AS7O2.mp4 | length=5.3638095238095 | time=5.3638095238095
[Wednesday/May 03/05/2023 16:24:41] BC-Ad-AS8.mp4 | length=5.3638095238095 | time=5.3638095238095
[Wednesday/May 03/05/2023 16:24:42] BC-Ad-AS8O2.mp4 | length=5.3638095238095 | time=5.3638095238095
[Wednesday/May 03/05/2023 16:24:50] BC-Ad-AS9.mp4 | length=10.07746031746 | time=10.07746031746
[Wednesday/May 03/05/2023 16:24:50] BC-Ad-AS9O2.mp4 | length=10.07746031746 | time=10.07746031746
[Wednesday/May 03/05/2023 16:24:51] BC-Ad-PS1.mp4 | length=5.3638095238095 | time=5.3638095238095
[Wednesday/May 03/05/2023 16:24:51] BC-Ad-PS1O2.mp4 | length=5.3638095238095 | time=5.3638095238095
[Wednesday/May 03/05/2023 16:24:51] BC-Ad-PS2.mp4 | length=5.3638095238095 | time=5.3638095238095
[Wednesday/May 03/05/2023 16:24:51] BC-Ad-PS2O2.mp4 | length=5.3638095238095 | time=5.3638095238095
[Wednesday/May 03/05/2023 16:24:51] BC-Ad-PS3.mp4 | length=5.3638095238095 | time=5.3638095238095
[Wednesday/May 03/05/2023 16:24:52] BC-Ad-PS3O2.mp4 | length=5.3638095238095 | time=5.3638095238095
[Wednesday/May 03/05/2023 16:24:52] BC-Ad-PS4.mp4 | length=5.3638095238095 | time=5.3638095238095
[Wednesday/May 03/05/2023 16:24:52] BC-Ad-PS4O2.mp4 | length=5.3638095238095 | time=5.3638095238095
[Wednesday/May 03/05/2023 16:24:53] BC-Ad-PS5.mp4 | length=5.3638095238095 | time=5.3638095238095
[Wednesday/May 03/05/2023 16:24:54] BC-Ad-PS5O2.mp4 | length=5.3638095238095 | time=5.3638095238095
[Wednesday/May 03/05/2023 16:24:54] BC-Ad-PS6.mp4 | length=5.3638095238095 | time=5.3638095238095
[Wednesday/May 03/05/2023 16:24:54] BC-Ad-PS6O2.mp4 | length=5.3638095238095 | time=5.3638095238095
[Wednesday/May 03/05/2023 16:24:54] BC-Ad-PS7.mp4 | length=10.07746031746 | time=10.07746031746
[Wednesday/May 03/05/2023 16:24:54] BC-Ad-PS7O2.mp4 | length=10.07746031746 | time=10.07746031746
[Wednesday/May 03/05/2023 16:24:54] BC-Ad-TM1.mp4 | length=5.3638095238095 | time=5.3638095238095
[Wednesday/May 03/05/2023 16:24:54] BC-Ad-TM1O2.mp4 | length=5.3638095238095 | time=5.3638095238095
[Wednesday/May 03/05/2023 16:24:54] BC-Ad-TM2.mp4 | length=5.3638095238095 | time=5.3638095238095
[Wednesday/May 03/05/2023 16:24:55] BC-Ad-TM2O2.mp4 | length=5.3638095238095 | time=5.3638095238095
[Wednesday/May 03/05/2023 16:24:55] BC-Ad-TM3.mp4 | length=4.0402721088435 | time=4.0402721088435
[Wednesday/May 03/05/2023 16:24:55] BC-Ad-TM3O2.mp4 | length=4.0402721088435 | time=4.0402721088435
[Wednesday/May 03/05/2023 16:24:55] BC-Ad-TM4.mp4 | length=4.0402721088435 | time=4.0402721088435
[Wednesday/May 03/05/2023 16:24:55] BC-Ad-TM4O2.mp4 | length=4.0402721088435 | time=4.0402721088435
[Wednesday/May 03/05/2023 16:24:55] BC-Ad-TM5.mp4 | length=4.0402721088435 | time=4.0402721088435
[Wednesday/May 03/05/2023 16:24:55] BC-Ad-TM5O2.mp4 | length=4.0402721088435 | time=4.0402721088435
[Wednesday/May 03/05/2023 16:24:55] BC-Ad-TM6.mp4 | length=4.0402721088435 | time=4.0402721088435
[Wednesday/May 03/05/2023 16:24:55] BC-Ad-TM6O2.mp4 | length=4.0402721088435 | time=4.0402721088435
[Wednesday/May 03/05/2023 16:24:56] BC-Ad-TM7.mp4 | length=8.0805442176871 | time=8.0805442176871
[Wednesday/May 03/05/2023 16:24:56] BC-Ad-TM7O2.mp4 | length=8.0805442176871 | time=8.0805442176871
[Wednesday/May 03/05/2023 16:24:57] BC-Ca-MW10.mp4 | length=10.07746031746 | time=10.07746031746
[Wednesday/May 03/05/2023 16:24:57] BC-Ca-MW10O2.mp4 | length=10.07746031746 | time=10.07746031746
[Wednesday/May 03/05/2023 16:24:57] BC-Ca-MW1.mp4 | length=4.0402721088435 | time=4.0402721088435
[Wednesday/May 03/05/2023 16:24:57] BC-Ca-MW1O2.mp4 | length=4.0402721088435 | time=4.0402721088435
[Wednesday/May 03/05/2023 16:24:57] BC-Ca-MW2.mp4 | length=4.0402721088435 | time=4.0402721088435
[Wednesday/May 03/05/2023 16:24:57] BC-Ca-MW2O2.mp4 | length=4.0402721088435 | time=4.0402721088435
[Wednesday/May 03/05/2023 16:24:57] BC-Ca-MW3.mp4 | length=4.0402721088435 | time=4.0402721088435
[Wednesday/May 03/05/2023 16:24:57] BC-Ca-MW3O2.mp4 | length=4.0402721088435 | time=4.0402721088435
[Wednesday/May 03/05/2023 16:24:57] BC-Ca-MW4.mp4 | length=4.0402721088435 | time=4.0402721088435
[Wednesday/May 03/05/2023 16:24:57] BC-Ca-MW4O2.mp4 | length=4.0402721088435 | time=4.0402721088435
[Wednesday/May 03/05/2023 16:24:58] BC-Ca-MW5.mp4 | length=6.0836281179138 | time=6.0836281179138
[Wednesday/May 03/05/2023 16:24:58] BC-Ca-MW5O2.mp4 | length=6.0836281179138 | time=6.0836281179138
[Wednesday/May 03/05/2023 16:24:58] BC-Ca-MW6.mp4 | length=4.0402721088435 | time=4.0402721088435
[Wednesday/May 03/05/2023 16:24:58] BC-Ca-MW6O2.mp4 | length=4.0402721088435 | time=4.0402721088435
[Wednesday/May 03/05/2023 16:24:59] BC-Ca-MW7.mp4 | length=4.0402721088435 | time=4.0402721088435
[Wednesday/May 03/05/2023 16:24:59] BC-Ca-MW7O2.mp4 | length=4.0402721088435 | time=4.0402721088435
[Wednesday/May 03/05/2023 16:24:59] BC-Ca-MW8.mp4 | length=4.0402721088435 | time=4.0402721088435
[Wednesday/May 03/05/2023 16:24:59] BC-Ca-MW8O2.mp4 | length=4.0402721088435 | time=4.0402721088435
[Wednesday/May 03/05/2023 16:24:59] BC-Ca-MW9.mp4 | length=4.0402721088435 | time=4.0402721088435
[Wednesday/May 03/05/2023 16:24:59] BC-Ca-MW9O2.mp4 | length=4.0402721088435 | time=4.0402721088435
[Wednesday/May 03/05/2023 16:25:00] BC-Ca-PS1.mp4 | length=4.0402721088435 | time=4.0402721088435
[Wednesday/May 03/05/2023 16:25:00] BC-Ca-PS1O2.mp4 | length=4.0402721088435 | time=4.0402721088435
[Wednesday/May 03/05/2023 16:25:01] BC-Ca-PS2.mp4 | length=4.0402721088435 | time=4.0402721088435
[Wednesday/May 03/05/2023 16:25:01] BC-Ca-PS2O2.mp4 | length=4.0402721088435 | time=4.0402721088435
[Wednesday/May 03/05/2023 16:25:01] BC-Ca-PS3.mp4 | length=5.3638095238095 | time=5.3638095238095
[Wednesday/May 03/05/2023 16:25:01] BC-Ca-PS3O2.mp4 | length=5.3638095238095 | time=5.3638095238095
[Wednesday/May 03/05/2023 16:25:01] BC-Ca-PS4.mp4 | length=5.3638095238095 | time=5.3638095238095
[Wednesday/May 03/05/2023 16:25:01] BC-Ca-PS4O2.mp4 | length=5.3638095238095 | time=5.3638095238095
[Wednesday/May 03/05/2023 16:25:01] BC-Ca-PS5.mp4 | length=5.3638095238095 | time=5.3638095238095
[Wednesday/May 03/05/2023 16:25:01] BC-Ca-PS5O2.mp4 | length=5.3638095238095 | time=5.3638095238095
[Wednesday/May 03/05/2023 16:25:01] BC-Ca-PS6.mp4 | length=5.3638095238095 | time=5.3638095238095
[Wednesday/May 03/05/2023 16:25:02] BC-Ca-PS6O2.mp4 | length=5.3638095238095 | time=5.3638095238095
[Wednesday/May 03/05/2023 16:25:02] BC-Ca-PS7.mp4 | length=6.0836281179138 | time=6.0836281179138
[Wednesday/May 03/05/2023 16:25:02] BC-Ca-PS7O2.mp4 | length=6.0836281179138 | time=6.0836281179138
[Wednesday/May 03/05/2023 16:25:02] BC-Ca-PS8.mp4 | length=8.0805442176871 | time=8.0805442176871
[Wednesday/May 03/05/2023 16:25:02] BC-Ca-PS8O2.mp4 | length=8.0805442176871 | time=8.0805442176871
[Wednesday/May 03/05/2023 16:25:02] BC-Ca-St1.mp4 | length=6.4319274376417 | time=6.4319274376417
[Wednesday/May 03/05/2023 16:25:02] BC-Ca-St1O2.mp4 | length=6.4319274376417 | time=6.4319274376417
[Wednesday/May 03/05/2023 16:25:02] BC-Ca-St2.mp4 | length=6.3158276643991 | time=6.3158276643991
[Wednesday/May 03/05/2023 16:25:03] BC-Ca-St2O2.mp4 | length=6.3158276643991 | time=6.3158276643991
[Wednesday/May 03/05/2023 16:25:03] BC-Ca-St3.mp4 | length=4.0402721088435 | time=4.0402721088435
[Wednesday/May 03/05/2023 16:25:03] BC-Ca-St3O2.mp4 | length=4.0402721088435 | time=4.0402721088435
[Wednesday/May 03/05/2023 16:25:03] BC-Ca-St4.mp4 | length=4.0402721088435 | time=4.0402721088435
[Wednesday/May 03/05/2023 16:25:03] BC-Ca-St4O2.mp4 | length=4.0402721088435 | time=4.0402721088435
[Wednesday/May 03/05/2023 16:25:03] BC-Ca-St5.mp4 | length=4.0402721088435 | time=4.0402721088435
[Wednesday/May 03/05/2023 16:25:03] BC-Ca-St5O2.mp4 | length=4.0402721088435 | time=4.0402721088435
[Wednesday/May 03/05/2023 16:25:03] BC-Ca-St6.mp4 | length=4.0402721088435 | time=4.0402721088435
[Wednesday/May 03/05/2023 16:25:03] BC-Ca-St6O2.mp4 | length=4.0402721088435 | time=4.0402721088435
[Wednesday/May 03/05/2023 16:25:03] BC-Ca-St7.mp4 | length=4.0402721088435 | time=4.0402721088435
[Wednesday/May 03/05/2023 16:25:03] BC-Ca-St7O2.mp4 | length=4.0402721088435 | time=4.0402721088435
[Wednesday/May 03/05/2023 16:25:03] BC-Ca-St8.mp4 | length=11.075918367347 | time=11.075918367347
[Wednesday/May 03/05/2023 16:25:03] BC-Ca-St8O2.mp4 | length=11.075918367347 | time=11.075918367347
[Wednesday/May 03/05/2023 16:25:03] BC-Ch-MF10.mp4 | length=8.0805442176871 | time=8.0805442176871
[Wednesday/May 03/05/2023 16:25:03] BC-Ch-MF10O2.mp4 | length=8.0805442176871 | time=8.0805442176871
[Wednesday/May 03/05/2023 16:25:03] BC-Ch-MF1.mp4 | length=4.0402721088435 | time=4.0402721088435
[Wednesday/May 03/05/2023 16:25:04] BC-Ch-MF1O2.mp4 | length=4.0402721088435 | time=4.0402721088435
[Wednesday/May 03/05/2023 16:25:04] BC-Ch-MF2.mp4 | length=4.0402721088435 | time=4.0402721088435
[Wednesday/May 03/05/2023 16:25:04] BC-Ch-MF2O2.mp4 | length=4.0402721088435 | time=4.0402721088435
[Wednesday/May 03/05/2023 16:25:04] BC-Ch-MF3.mp4 | length=4.0402721088435 | time=4.0402721088435
[Wednesday/May 03/05/2023 16:25:04] BC-Ch-MF3O2.mp4 | length=4.0402721088435 | time=4.0402721088435
[Wednesday/May 03/05/2023 16:25:04] BC-Ch-MF4.mp4 | length=4.0402721088435 | time=4.0402721088435
[Wednesday/May 03/05/2023 16:25:04] BC-Ch-MF4O2.mp4 | length=4.0402721088435 | time=4.0402721088435
[Wednesday/May 03/05/2023 16:25:05] BC-Ch-MF5.mp4 | length=8.0805442176871 | time=8.0805442176871
[Wednesday/May 03/05/2023 16:25:05] BC-Ch-MF5O2.mp4 | length=8.0805442176871 | time=8.0805442176871
[Wednesday/May 03/05/2023 16:25:05] BC-Ch-MF6.mp4 | length=5.3638095238095 | time=5.3638095238095
[Wednesday/May 03/05/2023 16:25:05] BC-Ch-MF6O2.mp4 | length=5.3638095238095 | time=5.3638095238095
[Wednesday/May 03/05/2023 16:25:05] BC-Ch-MF7.mp4 | length=5.3638095238095 | time=5.3638095238095
[Wednesday/May 03/05/2023 16:25:05] BC-Ch-MF7O2.mp4 | length=5.3638095238095 | time=5.3638095238095
[Wednesday/May 03/05/2023 16:25:05] BC-Ch-MF8.mp4 | length=5.3638095238095 | time=5.3638095238095
[Wednesday/May 03/05/2023 16:25:05] BC-Ch-MF8O2.mp4 | length=5.3638095238095 | time=5.3638095238095
[Wednesday/May 03/05/2023 16:25:05] BC-Ch-MF9.mp4 | length=5.3638095238095 | time=5.3638095238095
[Wednesday/May 03/05/2023 16:25:05] BC-Ch-MF9O2.mp4 | length=5.3638095238095 | time=5.3638095238095
[Wednesday/May 03/05/2023 16:25:05] BC-Ch-PS1.mp4 | length=5.3638095238095 | time=5.3638095238095
[Wednesday/May 03/05/2023 16:25:05] BC-Ch-PS1O2.mp4 | length=5.3638095238095 | time=5.3638095238095
[Wednesday/May 03/05/2023 16:25:05] BC-Ch-PS2.mp4 | length=5.3638095238095 | time=5.3638095238095
[Wednesday/May 03/05/2023 16:25:06] BC-Ch-PS2O2.mp4 | length=5.3638095238095 | time=5.3638095238095
[Wednesday/May 03/05/2023 16:25:06] BC-Ch-PS3.mp4 | length=5.3638095238095 | time=5.3638095238095
[Wednesday/May 03/05/2023 16:25:06] BC-Ch-PS3O2.mp4 | length=5.3638095238095 | time=5.3638095238095
[Wednesday/May 03/05/2023 16:25:06] BC-Ch-PS4.mp4 | length=5.3638095238095 | time=5.3638095238095
[Wednesday/May 03/05/2023 16:25:06] BC-Ch-PS4O2.mp4 | length=5.3638095238095 | time=5.3638095238095
[Wednesday/May 03/05/2023 16:25:06] BC-Ch-PS5.mp4 | length=5.3638095238095 | time=5.3638095238095
[Wednesday/May 03/05/2023 16:25:06] BC-Ch-PS5O2.mp4 | length=5.3638095238095 | time=5.3638095238095
[Wednesday/May 03/05/2023 16:25:06] BC-Ch-PS6.mp4 | length=5.3638095238095 | time=5.3638095238095
[Wednesday/May 03/05/2023 16:25:06] BC-Ch-PS6O2.mp4 | length=5.3638095238095 | time=5.3638095238095
[Wednesday/May 03/05/2023 16:25:06] BC-Ch-PS7.mp4 | length=10.07746031746 | time=10.07746031746
[Wednesday/May 03/05/2023 16:25:06] BC-Ch-PS7O2.mp4 | length=10.07746031746 | time=10.07746031746
[Wednesday/May 03/05/2023 16:25:06] BC-El-DP1.mp4 | length=4.0402721088435 | time=4.0402721088435
[Wednesday/May 03/05/2023 16:25:06] BC-El-DP1O2.mp4 | length=4.0402721088435 | time=4.0402721088435
[Wednesday/May 03/05/2023 16:25:06] BC-El-DP2.mp4 | length=4.0402721088435 | time=4.0402721088435
[Wednesday/May 03/05/2023 16:25:06] BC-El-DP2O2.mp4 | length=4.0402721088435 | time=4.0402721088435
[Wednesday/May 03/05/2023 16:25:06] BC-El-DP3.mp4 | length=4.0402721088435 | time=4.0402721088435
[Wednesday/May 03/05/2023 16:25:06] BC-El-DP3O2.mp4 | length=4.0402721088435 | time=4.0402721088435
[Wednesday/May 03/05/2023 16:25:06] BC-El-DP4.mp4 | length=4.0402721088435 | time=4.0402721088435
[Wednesday/May 03/05/2023 16:25:06] BC-El-DP4O2.mp4 | length=4.0402721088435 | time=4.0402721088435
[Wednesday/May 03/05/2023 16:25:06] BC-El-DP5.mp4 | length=4.0402721088435 | time=4.0402721088435
[Wednesday/May 03/05/2023 16:25:06] BC-El-DP5O2.mp4 | length=4.0402721088435 | time=4.0402721088435
[Wednesday/May 03/05/2023 16:25:06] BC-El-DP6.mp4 | length=4.0402721088435 | time=4.0402721088435
[Wednesday/May 03/05/2023 16:25:06] BC-El-DP6O2.mp4 | length=4.0402721088435 | time=4.0402721088435
[Wednesday/May 03/05/2023 16:25:07] BC-El-DP7.mp4 | length=4.0402721088435 | time=4.0402721088435
[Wednesday/May 03/05/2023 16:25:07] BC-El-DP7O2.mp4 | length=4.0402721088435 | time=4.0402721088435
[Wednesday/May 03/05/2023 16:25:07] BC-El-DP8.mp4 | length=4.0402721088435 | time=4.0402721088435
[Wednesday/May 03/05/2023 16:25:07] BC-El-DP8O2.mp4 | length=4.0402721088435 | time=4.0402721088435
[Wednesday/May 03/05/2023 16:25:07] BC-El-DP9.mp4 | length=15.092970521542 | time=15.092970521542
[Wednesday/May 03/05/2023 16:25:07] BC-El-DP9O2.mp4 | length=15.092970521542 | time=15.092970521542
[Wednesday/May 03/05/2023 16:25:08] BC-El-LpFk1.mp4 | length=2.693514739229 | time=2.693514739229
[Wednesday/May 03/05/2023 16:25:08] BC-El-LpFk1O2.mp4 | length=2.693514739229 | time=2.693514739229
[Wednesday/May 03/05/2023 16:25:08] BC-El-LpFk2.mp4 | length=2.693514739229 | time=2.693514739229
[Wednesday/May 03/05/2023 16:25:08] BC-El-LpFk2O2.mp4 | length=2.693514739229 | time=2.693514739229
[Wednesday/May 03/05/2023 16:25:08] BC-El-LpFk3.mp4 | length=2.693514739229 | time=2.693514739229
[Wednesday/May 03/05/2023 16:25:09] BC-El-LpFk3O2.mp4 | length=2.693514739229 | time=2.693514739229
[Wednesday/May 03/05/2023 16:25:09] BC-El-LpFk4.mp4 | length=2.693514739229 | time=2.693514739229
[Wednesday/May 03/05/2023 16:25:09] BC-El-LpFk4O2.mp4 | length=2.693514739229 | time=2.693514739229
[Wednesday/May 03/05/2023 16:25:09] BC-El-LpFk5.mp4 | length=3.0418140589569 | time=3.0418140589569
[Wednesday/May 03/05/2023 16:25:09] BC-El-LpFk5O2.mp4 | length=3.0418140589569 | time=3.0418140589569
[Wednesday/May 03/05/2023 16:25:09] BC-El-LpFk6.mp4 | length=3.0418140589569 | time=3.0418140589569
[Wednesday/May 03/05/2023 16:25:10] BC-El-LpFk6O2.mp4 | length=3.0418140589569 | time=3.0418140589569
[Wednesday/May 03/05/2023 16:25:10] BC-El-LpFk7.mp4 | length=3.0418140589569 | time=3.0418140589569
[Wednesday/May 03/05/2023 16:25:10] BC-El-LpFk7O2.mp4 | length=3.0418140589569 | time=3.0418140589569
[Wednesday/May 03/05/2023 16:25:10] BC-El-LpFk8.mp4 | length=3.0418140589569 | time=3.0418140589569
[Wednesday/May 03/05/2023 16:25:10] BC-El-LpFk8O2.mp4 | length=3.0418140589569 | time=3.0418140589569
[Wednesday/May 03/05/2023 16:25:10] BC-El-LpFk9.mp4 | length=10.07746031746 | time=10.07746031746
[Wednesday/May 03/05/2023 16:25:10] BC-El-LpFk9O2.mp4 | length=10.07746031746 | time=10.07746031746
[Wednesday/May 03/05/2023 16:25:10] BC-El-SN1.mp4 | length=4.0402721088435 | time=4.0402721088435
[Wednesday/May 03/05/2023 16:25:10] BC-El-SN1O2.mp4 | length=4.0402721088435 | time=4.0402721088435
[Wednesday/May 03/05/2023 16:25:10] BC-El-SN2.mp4 | length=4.0402721088435 | time=4.0402721088435
[Wednesday/May 03/05/2023 16:25:10] BC-El-SN2O2.mp4 | length=4.0402721088435 | time=4.0402721088435
[Wednesday/May 03/05/2023 16:25:10] BC-El-SN3.mp4 | length=4.0402721088435 | time=4.0402721088435
[Wednesday/May 03/05/2023 16:25:10] BC-El-SN3O2.mp4 | length=4.0402721088435 | time=4.0402721088435
[Wednesday/May 03/05/2023 16:25:10] BC-El-SN4.mp4 | length=4.0402721088435 | time=4.0402721088435
[Wednesday/May 03/05/2023 16:25:10] BC-El-SN4O2.mp4 | length=4.0402721088435 | time=4.0402721088435
[Wednesday/May 03/05/2023 16:25:10] BC-El-SN5.mp4 | length=4.0402721088435 | time=4.0402721088435
[Wednesday/May 03/05/2023 16:25:10] BC-El-SN5O2.mp4 | length=4.0402721088435 | time=4.0402721088435
[Wednesday/May 03/05/2023 16:25:10] BC-El-SN6.mp4 | length=4.0402721088435 | time=4.0402721088435
[Wednesday/May 03/05/2023 16:25:11] BC-El-SN6O2.mp4 | length=4.0402721088435 | time=4.0402721088435
[Wednesday/May 03/05/2023 16:25:11] BC-El-SN7.mp4 | length=4.0402721088435 | time=4.0402721088435
[Wednesday/May 03/05/2023 16:25:11] BC-El-SN7O2.mp4 | length=4.0402721088435 | time=4.0402721088435
[Wednesday/May 03/05/2023 16:25:11] BC-El-SN8.mp4 | length=10.07746031746 | time=10.07746031746
[Wednesday/May 03/05/2023 16:25:11] BC-El-SN8O2.mp4 | length=10.07746031746 | time=10.07746031746
[Wednesday/May 03/05/2023 16:25:11] BC-Er-An1.mp4 | length=4.0402721088435 | time=4.0402721088435
[Wednesday/May 03/05/2023 16:25:11] BC-Er-An1O2.mp4 | length=4.0402721088435 | time=4.0402721088435
[Wednesday/May 03/05/2023 16:25:11] BC-Er-An2.mp4 | length=6.0836281179138 | time=6.0836281179138
[Wednesday/May 03/05/2023 16:25:12] BC-Er-An2O2.mp4 | length=6.0836281179138 | time=6.0836281179138
[Wednesday/May 03/05/2023 16:25:13] BC-Er-An3.mp4 | length=5.3638095238095 | time=5.3638095238095
[Wednesday/May 03/05/2023 16:25:13] BC-Er-An3O2.mp4 | length=5.3638095238095 | time=5.3638095238095
[Wednesday/May 03/05/2023 16:25:13] BC-Er-An4.mp4 | length=5.3638095238095 | time=5.3638095238095
[Wednesday/May 03/05/2023 16:25:13] BC-Er-An4O2.mp4 | length=5.3638095238095 | time=5.3638095238095
[Wednesday/May 03/05/2023 16:25:13] BC-Er-An5.mp4 | length=5.3638095238095 | time=5.3638095238095
[Wednesday/May 03/05/2023 16:25:13] BC-Er-An5O2.mp4 | length=5.3638095238095 | time=5.3638095238095
[Wednesday/May 03/05/2023 16:25:13] BC-Er-An6.mp4 | length=5.3638095238095 | time=5.3638095238095
[Wednesday/May 03/05/2023 16:25:13] BC-Er-An6O2.mp4 | length=5.3638095238095 | time=5.3638095238095
[Wednesday/May 03/05/2023 16:25:14] BC-Er-An7.mp4 | length=5.3638095238095 | time=5.3638095238095
[Wednesday/May 03/05/2023 16:25:14] BC-Er-An7O2.mp4 | length=5.3638095238095 | time=5.3638095238095
[Wednesday/May 03/05/2023 16:25:14] BC-Er-An8.mp4 | length=5.3638095238095 | time=5.3638095238095
[Wednesday/May 03/05/2023 16:25:14] BC-Er-An8O2.mp4 | length=5.3638095238095 | time=5.3638095238095
[Wednesday/May 03/05/2023 16:25:14] BC-Er-An9.mp4 | length=15.092970521542 | time=15.092970521542
[Wednesday/May 03/05/2023 16:25:14] BC-Er-An9O2.mp4 | length=15.092970521542 | time=15.092970521542
[Wednesday/May 03/05/2023 16:25:14] BC-Er-BJ1.mp4 | length=4.0402721088435 | time=4.0402721088435
[Wednesday/May 03/05/2023 16:25:14] BC-Er-BJ1O2.mp4 | length=4.0402721088435 | time=4.0402721088435
[Wednesday/May 03/05/2023 16:25:14] BC-Er-BJ2.mp4 | length=4.0402721088435 | time=4.0402721088435
[Wednesday/May 03/05/2023 16:25:14] BC-Er-BJ2O2.mp4 | length=4.0402721088435 | time=4.0402721088435
[Wednesday/May 03/05/2023 16:25:14] BC-Er-BJ3.mp4 | length=4.0402721088435 | time=4.0402721088435
[Wednesday/May 03/05/2023 16:25:14] BC-Er-BJ3O2.mp4 | length=4.0402721088435 | time=4.0402721088435
[Wednesday/May 03/05/2023 16:25:14] BC-Er-BJ4.mp4 | length=4.0402721088435 | time=4.0402721088435
[Wednesday/May 03/05/2023 16:25:14] BC-Er-BJ4O2.mp4 | length=4.0402721088435 | time=4.0402721088435
[Wednesday/May 03/05/2023 16:25:15] BC-Er-BJ5.mp4 | length=4.0402721088435 | time=4.0402721088435
[Wednesday/May 03/05/2023 16:25:15] BC-Er-BJ5O2.mp4 | length=4.0402721088435 | time=4.0402721088435
[Wednesday/May 03/05/2023 16:25:15] BC-Er-BJ6.mp4 | length=4.0402721088435 | time=4.0402721088435
[Wednesday/May 03/05/2023 16:25:15] BC-Er-BJ6O2.mp4 | length=4.0402721088435 | time=4.0402721088435
[Wednesday/May 03/05/2023 16:25:15] BC-Er-BJ7.mp4 | length=4.0402721088435 | time=4.0402721088435
[Wednesday/May 03/05/2023 16:25:15] BC-Er-BJ7O2.mp4 | length=4.0402721088435 | time=4.0402721088435
[Wednesday/May 03/05/2023 16:25:15] BC-Er-BJ8.mp4 | length=4.0402721088435 | time=0
[Wednesday/May 03/05/2023 16:26:09] BC-Ha-HJ1.mp4 | length=4.0402721088435 | time=4.0402721088435
[Wednesday/May 03/05/2023 16:26:10] BC-Ha-HJ1O2.mp4 | length=4.0402721088435 | time=4.0402721088435
[Wednesday/May 03/05/2023 16:26:10] BC-Ha-HJ2.mp4 | length=4.0402721088435 | time=4.0402721088435
[Wednesday/May 03/05/2023 16:26:10] BC-Ha-HJ2O2.mp4 | length=4.0402721088435 | time=4.0402721088435
[Wednesday/May 03/05/2023 16:26:10] BC-Ha-HJ3.mp4 | length=4.0402721088435 | time=4.0402721088435
[Wednesday/May 03/05/2023 16:26:10] BC-Ha-HJ3O2.mp4 | length=4.0402721088435 | time=0
